#
# A fatal error has been detected by the Java Runtime Environment:
#
#  EXCEPTION_ACCESS_VIOLATION (0xc0000005) at pc=0x00007fff03efc5c5, pid=13664, tid=2224
#
# JRE version: Java(TM) SE Runtime Environment (12.0+33) (build 12+33)
# Java VM: Java HotSpot(TM) 64-Bit Server VM (12+33, mixed mode, sharing, tiered, compressed oops, g1 gc, windows-amd64)
# Problematic frame:
# V  [jvm.dll+0x5ec5c5]
#
# No core dump will be written. Minidumps are not enabled by default on client versions of Windows
#
# If you would like to submit a bug report, please visit:
#   http://bugreport.java.com/bugreport/crash.jsp
#

---------------  S U M M A R Y ------------

Command Line: -Dfile.encoding=UTF-8 -agentpath:D:/Arquivos de programas/netbeans/profiler/lib/deployed/jdk16/windows-amd64/profilerinterface.dll=D:\Arquivos de programas\netbeans\profiler\lib,5140,10 -XX:+HeapDumpOnOutOfMemoryError -XX:HeapDumpPath=C:\Users\Hércules\Desktop\OpressorChat\servidor\nbproject\private\profiler controlador.Servidor

Host: Intel(R) Core(TM) i7-7700K CPU @ 4.20GHz, 8 cores, 15G,  Windows 10 , 64 bit Build 17763 (10.0.17763.437)
Time: Wed Apr 24 17:40:45 2019 Hora oficial do Brasil elapsed time: 2 seconds (0d 0h 0m 2s)

---------------  T H R E A D  ---------------

Current thread (0x000001e0dbd50800):  JavaThread "*** Profiler Agent Communication Thread" daemon [_thread_in_vm, id=2224, stack(0x000000a620c00000,0x000000a620d00000)]

Stack: [0x000000a620c00000,0x000000a620d00000],  sp=0x000000a620cfe900,  free space=1018k
Native frames: (J=compiled Java code, j=interpreted, Vv=VM code, C=native code)
V  [jvm.dll+0x5ec5c5]
V  [jvm.dll+0x4b3c84]
C  [profilerinterface.dll+0x34da]

Java frames: (J=compiled Java code, j=interpreted, Vv=VM code)
j  org.netbeans.lib.profiler.server.system.Stacks.getMethodNamesForJMethodIds(I[I[I)[B+0
j  org.netbeans.lib.profiler.server.ProfilerInterface.getMethodNamesForJMethodIds([I)Lorg/netbeans/lib/profiler/wireprotocol/MethodNamesResponse;+20
j  org.netbeans.lib.profiler.server.ProfilerServer.handleClientCommand(Lorg/netbeans/lib/profiler/wireprotocol/Command;)V+691
j  org.netbeans.lib.profiler.server.ProfilerServer.listenToClient()V+48
j  org.netbeans.lib.profiler.server.ProfilerServer.run()V+22
v  ~StubRoutines::call_stub

siginfo: EXCEPTION_ACCESS_VIOLATION (0xc0000005), reading address 0xffffffffdc81c278


Register to memory mapping:

RIP=0x00007fff03efc5c5 jvm.dll
RAX=0x000000a620cfe901 is pointing into the stack for thread: 0x000001e0dbd50800
RBX=0x000001e0dbd50800 is a thread
RCX=0xffffffffdc81c278 is an unknown value
RDX=0x000001e0dbd50800 is a thread
RSP=0x000000a620cfe900 is pointing into the stack for thread: 0x000001e0dbd50800
RBP=0xffffffffdc81c278 is an unknown value
RSI=0x000000a620cfea20 is pointing into the stack for thread: 0x000001e0dbd50800
RDI=0x000001e0b56f6ce0 points into unknown readable memory: c0 04 33 04 ff 7f 00 00
R8 =0x000000a620cfea20 is pointing into the stack for thread: 0x000001e0dbd50800
R9 =0x0000000000004c18 is an unknown value
R10=0x0000000000000001 is an unknown value
R11=0x000000a620cfe8f8 is pointing into the stack for thread: 0x000001e0dbd50800
R12=0x000001e0dd93c5c0 points into unknown readable memory: 78 c2 81 1c b8 68 ed 1d
R13=0x00000000000001e7 is an unknown value
R14=0x00007fff4f759c68 profilerinterface.dll
R15=0x00007fff4f759a60 profilerinterface.dll


Registers:
RAX=0x000000a620cfe901, RBX=0x000001e0dbd50800, RCX=0xffffffffdc81c278, RDX=0x000001e0dbd50800
RSP=0x000000a620cfe900, RBP=0xffffffffdc81c278, RSI=0x000000a620cfea20, RDI=0x000001e0b56f6ce0
R8 =0x000000a620cfea20, R9 =0x0000000000004c18, R10=0x0000000000000001, R11=0x000000a620cfe8f8
R12=0x000001e0dd93c5c0, R13=0x00000000000001e7, R14=0x00007fff4f759c68, R15=0x00007fff4f759a60
RIP=0x00007fff03efc5c5, EFLAGS=0x0000000000010286

Top of Stack: (sp=0x000000a620cfe900)
0x000000a620cfe900:   000001e0dbd50800 00007fff03cf5bf3
0x000000a620cfe910:   000001e0dbd50800 000000a620cfead8
0x000000a620cfe920:   000001e0dbd50800 00007fff03dc3c84
0x000000a620cfe930:   0000000000004c18 000001e0dbd50800
0x000000a620cfe940:   000001e0dbd50b30 00007fff610d9db0
0x000000a620cfe950:   000001e0dbd50800 0000000000000000
0x000000a620cfe960:   000001e000000000 0000000000000000
0x000000a620cfe970:   ffffffffdc81c278 00007fff4f7534da
0x000000a620cfe980:   0000000000000000 000001e0dbd50b30
0x000000a620cfe990:   0000000000200021 000000a620cfead0
0x000000a620cfe9a0:   000001e0dd93c5c0 00007fff03ca68c3
0x000000a620cfe9b0:   000000a620cfefe0 0000000000200021
0x000000a620cfe9c0:   0000000000200021 000001e0bf58662c
0x000000a620cfe9d0:   000001e0db6275f0 000001e0dbd50800
0x000000a620cfe9e0:   000001e0dbd50800 000001e0db6275f0
0x000000a620cfe9f0:   0000000000000000 000001e0bf539880 

Instructions: (pc=0x00007fff03efc5c5)
0x00007fff03efc5a5:   cc cc cc cc cc cc cc cc cc cc cc 48 83 ec 28 48
0x00007fff03efc5b5:   85 c9 75 07 33 c0 48 83 c4 28 c3 48 89 5c 24 20
0x00007fff03efc5c5:   48 8b 19 48 85 db 74 20 48 83 fb 37 74 1a 48 8b
0x00007fff03efc5d5:   13 48 8b cb ff 52 10 84 c0 74 0d 48 8b c3 48 8b 


Stack slot to memory mapping:
stack at sp + 0 slots: 0x000001e0dbd50800 is a thread
stack at sp + 1 slots: 0x00007fff03cf5bf3 jvm.dll
stack at sp + 2 slots: 0x000001e0dbd50800 is a thread
stack at sp + 3 slots: 0x000000a620cfead8 is pointing into the stack for thread: 0x000001e0dbd50800
stack at sp + 4 slots: 0x000001e0dbd50800 is a thread
stack at sp + 5 slots: 0x00007fff03dc3c84 jvm.dll
stack at sp + 6 slots: 0x0000000000004c18 is an unknown value
stack at sp + 7 slots: 0x000001e0dbd50800 is a thread


---------------  P R O C E S S  ---------------

Threads class SMR info:
_java_thread_list=0x000001e0dea7d590, length=20, elements={
0x000001e0db2d2800, 0x000001e0db2d4000, 0x000001e0dbb74000, 0x000001e0dbb75000,
0x000001e0dbb78800, 0x000001e0dbb81000, 0x000001e0dbb8f800, 0x000001e0dbd21800,
0x000001e0dbd50800, 0x000001e0dbd8d800, 0x000001e0dbd8e800, 0x000001e0dc820000,
0x000001e0dc856000, 0x000001e0dc8df800, 0x000001e0dc8cb800, 0x000001e0dc8eb000,
0x000001e0de95c800, 0x000001e0b595d800, 0x000001e0dc9db800, 0x000001e0dc919000
}

Java Threads: ( => current thread )
  0x000001e0db2d2800 JavaThread "Reference Handler" daemon [_thread_blocked, id=13300, stack(0x000000a620400000,0x000000a620500000)]
  0x000001e0db2d4000 JavaThread "Finalizer" daemon [_thread_blocked, id=14048, stack(0x000000a620500000,0x000000a620600000)]
  0x000001e0dbb74000 JavaThread "Signal Dispatcher" daemon [_thread_blocked, id=10520, stack(0x000000a620600000,0x000000a620700000)]
  0x000001e0dbb75000 JavaThread "Attach Listener" daemon [_thread_blocked, id=13924, stack(0x000000a620700000,0x000000a620800000)]
  0x000001e0dbb78800 JavaThread "C2 CompilerThread0" daemon [_thread_blocked, id=3272, stack(0x000000a620800000,0x000000a620900000)]
  0x000001e0dbb81000 JavaThread "C1 CompilerThread0" daemon [_thread_blocked, id=4700, stack(0x000000a620900000,0x000000a620a00000)]
  0x000001e0dbb8f800 JavaThread "Sweeper thread" daemon [_thread_blocked, id=3944, stack(0x000000a620a00000,0x000000a620b00000)]
  0x000001e0dbd21800 JavaThread "Common-Cleaner" daemon [_thread_blocked, id=1804, stack(0x000000a620b00000,0x000000a620c00000)]
=>0x000001e0dbd50800 JavaThread "*** Profiler Agent Communication Thread" daemon [_thread_in_vm, id=2224, stack(0x000000a620c00000,0x000000a620d00000)]
  0x000001e0dbd8d800 JavaThread "*** JFluid Monitor thread ***" daemon [_thread_blocked, id=8480, stack(0x000000a620d00000,0x000000a620e00000)]
  0x000001e0dbd8e800 JavaThread "*** Profiler Agent Special Execution Thread 6" daemon [_thread_blocked, id=13232, stack(0x000000a620e00000,0x000000a620f00000)]
  0x000001e0dc820000 JavaThread "*** Profiler Agent Special Execution Thread 10" daemon [_thread_blocked, id=11012, stack(0x000000a621000000,0x000000a621100000)]
  0x000001e0dc856000 JavaThread "Service Thread" daemon [_thread_blocked, id=13848, stack(0x000000a620f00000,0x000000a621000000)]
  0x000001e0dc8df800 JavaThread "Java2D Disposer" daemon [_thread_blocked, id=10856, stack(0x000000a621200000,0x000000a621300000)]
  0x000001e0dc8cb800 JavaThread "AWT-Shutdown" [_thread_blocked, id=11760, stack(0x000000a621300000,0x000000a621400000)]
  0x000001e0dc8eb000 JavaThread "AWT-Windows" daemon [_thread_in_native, id=14352, stack(0x000000a621400000,0x000000a621500000)]
  0x000001e0de95c800 JavaThread "AWT-EventQueue-0" [_thread_blocked, id=5444, stack(0x000000a621820000,0x000000a621920000)]
  0x000001e0b595d800 JavaThread "DestroyJavaVM" [_thread_blocked, id=10532, stack(0x000000a61fd00000,0x000000a61fe00000)]
  0x000001e0dc9db800 JavaThread "D3D Screen Updater" daemon [_thread_blocked, id=5428, stack(0x000000a621c20000,0x000000a621d20000)]
  0x000001e0dc919000 JavaThread "TimerQueue" daemon [_thread_blocked, id=12052, stack(0x000000a621d30000,0x000000a621e30000)]

Other Threads:
  0x000001e0db2ca000 VMThread "VM Thread" [stack: 0x000000a620300000,0x000000a620400000] [id=3948]
  0x000001e0dc7fa000 WatcherThread [stack: 0x000000a621100000,0x000000a621200000] [id=10928]
  0x000001e0b59c1800 GCTaskThread "GC Thread#0" [stack: 0x000000a61fe00000,0x000000a61ff00000] [id=14628]
  0x000001e0b59de000 ConcurrentGCThread "G1 Main Marker" [stack: 0x000000a61ff00000,0x000000a620000000] [id=15264]
  0x000001e0b59e0000 ConcurrentGCThread "G1 Conc#0" [stack: 0x000000a620000000,0x000000a620100000] [id=1744]
  0x000001e0b5a2d000 ConcurrentGCThread "G1 Refine#0" [stack: 0x000000a620100000,0x000000a620200000] [id=12552]
  0x000001e0b5a2e000 ConcurrentGCThread "G1 Young RemSet Sampling" [stack: 0x000000a620200000,0x000000a620300000] [id=11504]

Threads with active compile tasks:

VM state:synchronizing (normal execution)

VM Mutex/Monitor currently owned by a thread:  ([mutex/lock_event])
[0x000001e0b595acb0] Threads_lock - owner thread: 0x000001e0db2ca000

Heap address: 0x0000000700800000, size: 4088 MB, Compressed Oops mode: Zero based, Oop shift amount: 3
Narrow klass base: 0x0000000800000000, Narrow klass shift: 3
Compressed class space size: 1073741824 Address: 0x00000008011a0000

Heap:
 garbage-first heap   total 262144K, used 15360K [0x0000000700800000, 0x0000000800000000)
  region size 1024K, 14 young (14336K), 0 survivors (0K)
 Metaspace       used 13514K, capacity 14006K, committed 14080K, reserved 1060864K
  class space    used 1595K, capacity 1786K, committed 1792K, reserved 1048576K
Heap Regions: E=young(eden), S=young(survivor), O=old, HS=humongous(starts), HC=humongous(continues), CS=collection set, F=free, A=archive, TAMS=top-at-mark-start (previous, next)
|   0|0x0000000700800000, 0x0000000700900000, 0x0000000700900000|100%|HS|  |TAMS 0x0000000700800000, 0x0000000700800000| Complete 
|   1|0x0000000700900000, 0x0000000700a00000, 0x0000000700a00000|100%|HC|  |TAMS 0x0000000700900000, 0x0000000700900000| Complete 
|   2|0x0000000700a00000, 0x0000000700a00000, 0x0000000700b00000|  0%| F|  |TAMS 0x0000000700a00000, 0x0000000700a00000| Untracked 
|   3|0x0000000700b00000, 0x0000000700b00000, 0x0000000700c00000|  0%| F|  |TAMS 0x0000000700b00000, 0x0000000700b00000| Untracked 
|   4|0x0000000700c00000, 0x0000000700c00000, 0x0000000700d00000|  0%| F|  |TAMS 0x0000000700c00000, 0x0000000700c00000| Untracked 
|   5|0x0000000700d00000, 0x0000000700d00000, 0x0000000700e00000|  0%| F|  |TAMS 0x0000000700d00000, 0x0000000700d00000| Untracked 
|   6|0x0000000700e00000, 0x0000000700e00000, 0x0000000700f00000|  0%| F|  |TAMS 0x0000000700e00000, 0x0000000700e00000| Untracked 
|   7|0x0000000700f00000, 0x0000000700f00000, 0x0000000701000000|  0%| F|  |TAMS 0x0000000700f00000, 0x0000000700f00000| Untracked 
|   8|0x0000000701000000, 0x0000000701000000, 0x0000000701100000|  0%| F|  |TAMS 0x0000000701000000, 0x0000000701000000| Untracked 
|   9|0x0000000701100000, 0x0000000701100000, 0x0000000701200000|  0%| F|  |TAMS 0x0000000701100000, 0x0000000701100000| Untracked 
|  10|0x0000000701200000, 0x0000000701200000, 0x0000000701300000|  0%| F|  |TAMS 0x0000000701200000, 0x0000000701200000| Untracked 
|  11|0x0000000701300000, 0x0000000701300000, 0x0000000701400000|  0%| F|  |TAMS 0x0000000701300000, 0x0000000701300000| Untracked 
|  12|0x0000000701400000, 0x0000000701400000, 0x0000000701500000|  0%| F|  |TAMS 0x0000000701400000, 0x0000000701400000| Untracked 
|  13|0x0000000701500000, 0x0000000701500000, 0x0000000701600000|  0%| F|  |TAMS 0x0000000701500000, 0x0000000701500000| Untracked 
|  14|0x0000000701600000, 0x0000000701600000, 0x0000000701700000|  0%| F|  |TAMS 0x0000000701600000, 0x0000000701600000| Untracked 
|  15|0x0000000701700000, 0x0000000701700000, 0x0000000701800000|  0%| F|  |TAMS 0x0000000701700000, 0x0000000701700000| Untracked 
|  16|0x0000000701800000, 0x0000000701800000, 0x0000000701900000|  0%| F|  |TAMS 0x0000000701800000, 0x0000000701800000| Untracked 
|  17|0x0000000701900000, 0x0000000701900000, 0x0000000701a00000|  0%| F|  |TAMS 0x0000000701900000, 0x0000000701900000| Untracked 
|  18|0x0000000701a00000, 0x0000000701a00000, 0x0000000701b00000|  0%| F|  |TAMS 0x0000000701a00000, 0x0000000701a00000| Untracked 
|  19|0x0000000701b00000, 0x0000000701b00000, 0x0000000701c00000|  0%| F|  |TAMS 0x0000000701b00000, 0x0000000701b00000| Untracked 
|  20|0x0000000701c00000, 0x0000000701c00000, 0x0000000701d00000|  0%| F|  |TAMS 0x0000000701c00000, 0x0000000701c00000| Untracked 
|  21|0x0000000701d00000, 0x0000000701d00000, 0x0000000701e00000|  0%| F|  |TAMS 0x0000000701d00000, 0x0000000701d00000| Untracked 
|  22|0x0000000701e00000, 0x0000000701e00000, 0x0000000701f00000|  0%| F|  |TAMS 0x0000000701e00000, 0x0000000701e00000| Untracked 
|  23|0x0000000701f00000, 0x0000000701f00000, 0x0000000702000000|  0%| F|  |TAMS 0x0000000701f00000, 0x0000000701f00000| Untracked 
|  24|0x0000000702000000, 0x0000000702000000, 0x0000000702100000|  0%| F|  |TAMS 0x0000000702000000, 0x0000000702000000| Untracked 
|  25|0x0000000702100000, 0x0000000702100000, 0x0000000702200000|  0%| F|  |TAMS 0x0000000702100000, 0x0000000702100000| Untracked 
|  26|0x0000000702200000, 0x0000000702200000, 0x0000000702300000|  0%| F|  |TAMS 0x0000000702200000, 0x0000000702200000| Untracked 
|  27|0x0000000702300000, 0x0000000702300000, 0x0000000702400000|  0%| F|  |TAMS 0x0000000702300000, 0x0000000702300000| Untracked 
|  28|0x0000000702400000, 0x0000000702400000, 0x0000000702500000|  0%| F|  |TAMS 0x0000000702400000, 0x0000000702400000| Untracked 
|  29|0x0000000702500000, 0x0000000702500000, 0x0000000702600000|  0%| F|  |TAMS 0x0000000702500000, 0x0000000702500000| Untracked 
|  30|0x0000000702600000, 0x0000000702600000, 0x0000000702700000|  0%| F|  |TAMS 0x0000000702600000, 0x0000000702600000| Untracked 
|  31|0x0000000702700000, 0x0000000702700000, 0x0000000702800000|  0%| F|  |TAMS 0x0000000702700000, 0x0000000702700000| Untracked 
|  32|0x0000000702800000, 0x0000000702800000, 0x0000000702900000|  0%| F|  |TAMS 0x0000000702800000, 0x0000000702800000| Untracked 
|  33|0x0000000702900000, 0x0000000702900000, 0x0000000702a00000|  0%| F|  |TAMS 0x0000000702900000, 0x0000000702900000| Untracked 
|  34|0x0000000702a00000, 0x0000000702a00000, 0x0000000702b00000|  0%| F|  |TAMS 0x0000000702a00000, 0x0000000702a00000| Untracked 
|  35|0x0000000702b00000, 0x0000000702b00000, 0x0000000702c00000|  0%| F|  |TAMS 0x0000000702b00000, 0x0000000702b00000| Untracked 
|  36|0x0000000702c00000, 0x0000000702c00000, 0x0000000702d00000|  0%| F|  |TAMS 0x0000000702c00000, 0x0000000702c00000| Untracked 
|  37|0x0000000702d00000, 0x0000000702d00000, 0x0000000702e00000|  0%| F|  |TAMS 0x0000000702d00000, 0x0000000702d00000| Untracked 
|  38|0x0000000702e00000, 0x0000000702e00000, 0x0000000702f00000|  0%| F|  |TAMS 0x0000000702e00000, 0x0000000702e00000| Untracked 
|  39|0x0000000702f00000, 0x0000000702f00000, 0x0000000703000000|  0%| F|  |TAMS 0x0000000702f00000, 0x0000000702f00000| Untracked 
|  40|0x0000000703000000, 0x0000000703000000, 0x0000000703100000|  0%| F|  |TAMS 0x0000000703000000, 0x0000000703000000| Untracked 
|  41|0x0000000703100000, 0x0000000703100000, 0x0000000703200000|  0%| F|  |TAMS 0x0000000703100000, 0x0000000703100000| Untracked 
|  42|0x0000000703200000, 0x0000000703200000, 0x0000000703300000|  0%| F|  |TAMS 0x0000000703200000, 0x0000000703200000| Untracked 
|  43|0x0000000703300000, 0x0000000703300000, 0x0000000703400000|  0%| F|  |TAMS 0x0000000703300000, 0x0000000703300000| Untracked 
|  44|0x0000000703400000, 0x0000000703400000, 0x0000000703500000|  0%| F|  |TAMS 0x0000000703400000, 0x0000000703400000| Untracked 
|  45|0x0000000703500000, 0x0000000703500000, 0x0000000703600000|  0%| F|  |TAMS 0x0000000703500000, 0x0000000703500000| Untracked 
|  46|0x0000000703600000, 0x0000000703600000, 0x0000000703700000|  0%| F|  |TAMS 0x0000000703600000, 0x0000000703600000| Untracked 
|  47|0x0000000703700000, 0x0000000703700000, 0x0000000703800000|  0%| F|  |TAMS 0x0000000703700000, 0x0000000703700000| Untracked 
|  48|0x0000000703800000, 0x0000000703800000, 0x0000000703900000|  0%| F|  |TAMS 0x0000000703800000, 0x0000000703800000| Untracked 
|  49|0x0000000703900000, 0x0000000703900000, 0x0000000703a00000|  0%| F|  |TAMS 0x0000000703900000, 0x0000000703900000| Untracked 
|  50|0x0000000703a00000, 0x0000000703a00000, 0x0000000703b00000|  0%| F|  |TAMS 0x0000000703a00000, 0x0000000703a00000| Untracked 
|  51|0x0000000703b00000, 0x0000000703b00000, 0x0000000703c00000|  0%| F|  |TAMS 0x0000000703b00000, 0x0000000703b00000| Untracked 
|  52|0x0000000703c00000, 0x0000000703c00000, 0x0000000703d00000|  0%| F|  |TAMS 0x0000000703c00000, 0x0000000703c00000| Untracked 
|  53|0x0000000703d00000, 0x0000000703d00000, 0x0000000703e00000|  0%| F|  |TAMS 0x0000000703d00000, 0x0000000703d00000| Untracked 
|  54|0x0000000703e00000, 0x0000000703e00000, 0x0000000703f00000|  0%| F|  |TAMS 0x0000000703e00000, 0x0000000703e00000| Untracked 
|  55|0x0000000703f00000, 0x0000000703f00000, 0x0000000704000000|  0%| F|  |TAMS 0x0000000703f00000, 0x0000000703f00000| Untracked 
|  56|0x0000000704000000, 0x0000000704000000, 0x0000000704100000|  0%| F|  |TAMS 0x0000000704000000, 0x0000000704000000| Untracked 
|  57|0x0000000704100000, 0x0000000704100000, 0x0000000704200000|  0%| F|  |TAMS 0x0000000704100000, 0x0000000704100000| Untracked 
|  58|0x0000000704200000, 0x0000000704200000, 0x0000000704300000|  0%| F|  |TAMS 0x0000000704200000, 0x0000000704200000| Untracked 
|  59|0x0000000704300000, 0x0000000704300000, 0x0000000704400000|  0%| F|  |TAMS 0x0000000704300000, 0x0000000704300000| Untracked 
|  60|0x0000000704400000, 0x0000000704400000, 0x0000000704500000|  0%| F|  |TAMS 0x0000000704400000, 0x0000000704400000| Untracked 
|  61|0x0000000704500000, 0x0000000704500000, 0x0000000704600000|  0%| F|  |TAMS 0x0000000704500000, 0x0000000704500000| Untracked 
|  62|0x0000000704600000, 0x0000000704600000, 0x0000000704700000|  0%| F|  |TAMS 0x0000000704600000, 0x0000000704600000| Untracked 
|  63|0x0000000704700000, 0x0000000704700000, 0x0000000704800000|  0%| F|  |TAMS 0x0000000704700000, 0x0000000704700000| Untracked 
|  64|0x0000000704800000, 0x0000000704800000, 0x0000000704900000|  0%| F|  |TAMS 0x0000000704800000, 0x0000000704800000| Untracked 
|  65|0x0000000704900000, 0x0000000704900000, 0x0000000704a00000|  0%| F|  |TAMS 0x0000000704900000, 0x0000000704900000| Untracked 
|  66|0x0000000704a00000, 0x0000000704a00000, 0x0000000704b00000|  0%| F|  |TAMS 0x0000000704a00000, 0x0000000704a00000| Untracked 
|  67|0x0000000704b00000, 0x0000000704b00000, 0x0000000704c00000|  0%| F|  |TAMS 0x0000000704b00000, 0x0000000704b00000| Untracked 
|  68|0x0000000704c00000, 0x0000000704c00000, 0x0000000704d00000|  0%| F|  |TAMS 0x0000000704c00000, 0x0000000704c00000| Untracked 
|  69|0x0000000704d00000, 0x0000000704d00000, 0x0000000704e00000|  0%| F|  |TAMS 0x0000000704d00000, 0x0000000704d00000| Untracked 
|  70|0x0000000704e00000, 0x0000000704e00000, 0x0000000704f00000|  0%| F|  |TAMS 0x0000000704e00000, 0x0000000704e00000| Untracked 
|  71|0x0000000704f00000, 0x0000000704f00000, 0x0000000705000000|  0%| F|  |TAMS 0x0000000704f00000, 0x0000000704f00000| Untracked 
|  72|0x0000000705000000, 0x0000000705000000, 0x0000000705100000|  0%| F|  |TAMS 0x0000000705000000, 0x0000000705000000| Untracked 
|  73|0x0000000705100000, 0x0000000705100000, 0x0000000705200000|  0%| F|  |TAMS 0x0000000705100000, 0x0000000705100000| Untracked 
|  74|0x0000000705200000, 0x0000000705200000, 0x0000000705300000|  0%| F|  |TAMS 0x0000000705200000, 0x0000000705200000| Untracked 
|  75|0x0000000705300000, 0x0000000705300000, 0x0000000705400000|  0%| F|  |TAMS 0x0000000705300000, 0x0000000705300000| Untracked 
|  76|0x0000000705400000, 0x0000000705400000, 0x0000000705500000|  0%| F|  |TAMS 0x0000000705400000, 0x0000000705400000| Untracked 
|  77|0x0000000705500000, 0x0000000705500000, 0x0000000705600000|  0%| F|  |TAMS 0x0000000705500000, 0x0000000705500000| Untracked 
|  78|0x0000000705600000, 0x0000000705600000, 0x0000000705700000|  0%| F|  |TAMS 0x0000000705600000, 0x0000000705600000| Untracked 
|  79|0x0000000705700000, 0x0000000705700000, 0x0000000705800000|  0%| F|  |TAMS 0x0000000705700000, 0x0000000705700000| Untracked 
|  80|0x0000000705800000, 0x0000000705800000, 0x0000000705900000|  0%| F|  |TAMS 0x0000000705800000, 0x0000000705800000| Untracked 
|  81|0x0000000705900000, 0x0000000705900000, 0x0000000705a00000|  0%| F|  |TAMS 0x0000000705900000, 0x0000000705900000| Untracked 
|  82|0x0000000705a00000, 0x0000000705a00000, 0x0000000705b00000|  0%| F|  |TAMS 0x0000000705a00000, 0x0000000705a00000| Untracked 
|  83|0x0000000705b00000, 0x0000000705b00000, 0x0000000705c00000|  0%| F|  |TAMS 0x0000000705b00000, 0x0000000705b00000| Untracked 
|  84|0x0000000705c00000, 0x0000000705c00000, 0x0000000705d00000|  0%| F|  |TAMS 0x0000000705c00000, 0x0000000705c00000| Untracked 
|  85|0x0000000705d00000, 0x0000000705d00000, 0x0000000705e00000|  0%| F|  |TAMS 0x0000000705d00000, 0x0000000705d00000| Untracked 
|  86|0x0000000705e00000, 0x0000000705e00000, 0x0000000705f00000|  0%| F|  |TAMS 0x0000000705e00000, 0x0000000705e00000| Untracked 
|  87|0x0000000705f00000, 0x0000000705f00000, 0x0000000706000000|  0%| F|  |TAMS 0x0000000705f00000, 0x0000000705f00000| Untracked 
|  88|0x0000000706000000, 0x0000000706000000, 0x0000000706100000|  0%| F|  |TAMS 0x0000000706000000, 0x0000000706000000| Untracked 
|  89|0x0000000706100000, 0x0000000706100000, 0x0000000706200000|  0%| F|  |TAMS 0x0000000706100000, 0x0000000706100000| Untracked 
|  90|0x0000000706200000, 0x0000000706200000, 0x0000000706300000|  0%| F|  |TAMS 0x0000000706200000, 0x0000000706200000| Untracked 
|  91|0x0000000706300000, 0x0000000706300000, 0x0000000706400000|  0%| F|  |TAMS 0x0000000706300000, 0x0000000706300000| Untracked 
|  92|0x0000000706400000, 0x0000000706400000, 0x0000000706500000|  0%| F|  |TAMS 0x0000000706400000, 0x0000000706400000| Untracked 
|  93|0x0000000706500000, 0x0000000706500000, 0x0000000706600000|  0%| F|  |TAMS 0x0000000706500000, 0x0000000706500000| Untracked 
|  94|0x0000000706600000, 0x0000000706600000, 0x0000000706700000|  0%| F|  |TAMS 0x0000000706600000, 0x0000000706600000| Untracked 
|  95|0x0000000706700000, 0x0000000706700000, 0x0000000706800000|  0%| F|  |TAMS 0x0000000706700000, 0x0000000706700000| Untracked 
|  96|0x0000000706800000, 0x0000000706800000, 0x0000000706900000|  0%| F|  |TAMS 0x0000000706800000, 0x0000000706800000| Untracked 
|  97|0x0000000706900000, 0x0000000706900000, 0x0000000706a00000|  0%| F|  |TAMS 0x0000000706900000, 0x0000000706900000| Untracked 
|  98|0x0000000706a00000, 0x0000000706a00000, 0x0000000706b00000|  0%| F|  |TAMS 0x0000000706a00000, 0x0000000706a00000| Untracked 
|  99|0x0000000706b00000, 0x0000000706b00000, 0x0000000706c00000|  0%| F|  |TAMS 0x0000000706b00000, 0x0000000706b00000| Untracked 
| 100|0x0000000706c00000, 0x0000000706c00000, 0x0000000706d00000|  0%| F|  |TAMS 0x0000000706c00000, 0x0000000706c00000| Untracked 
| 101|0x0000000706d00000, 0x0000000706d00000, 0x0000000706e00000|  0%| F|  |TAMS 0x0000000706d00000, 0x0000000706d00000| Untracked 
| 102|0x0000000706e00000, 0x0000000706e00000, 0x0000000706f00000|  0%| F|  |TAMS 0x0000000706e00000, 0x0000000706e00000| Untracked 
| 103|0x0000000706f00000, 0x0000000706f00000, 0x0000000707000000|  0%| F|  |TAMS 0x0000000706f00000, 0x0000000706f00000| Untracked 
| 104|0x0000000707000000, 0x0000000707000000, 0x0000000707100000|  0%| F|  |TAMS 0x0000000707000000, 0x0000000707000000| Untracked 
| 105|0x0000000707100000, 0x0000000707100000, 0x0000000707200000|  0%| F|  |TAMS 0x0000000707100000, 0x0000000707100000| Untracked 
| 106|0x0000000707200000, 0x0000000707200000, 0x0000000707300000|  0%| F|  |TAMS 0x0000000707200000, 0x0000000707200000| Untracked 
| 107|0x0000000707300000, 0x0000000707300000, 0x0000000707400000|  0%| F|  |TAMS 0x0000000707300000, 0x0000000707300000| Untracked 
| 108|0x0000000707400000, 0x0000000707400000, 0x0000000707500000|  0%| F|  |TAMS 0x0000000707400000, 0x0000000707400000| Untracked 
| 109|0x0000000707500000, 0x0000000707500000, 0x0000000707600000|  0%| F|  |TAMS 0x0000000707500000, 0x0000000707500000| Untracked 
| 110|0x0000000707600000, 0x0000000707600000, 0x0000000707700000|  0%| F|  |TAMS 0x0000000707600000, 0x0000000707600000| Untracked 
| 111|0x0000000707700000, 0x0000000707700000, 0x0000000707800000|  0%| F|  |TAMS 0x0000000707700000, 0x0000000707700000| Untracked 
| 112|0x0000000707800000, 0x0000000707800000, 0x0000000707900000|  0%| F|  |TAMS 0x0000000707800000, 0x0000000707800000| Untracked 
| 113|0x0000000707900000, 0x0000000707900000, 0x0000000707a00000|  0%| F|  |TAMS 0x0000000707900000, 0x0000000707900000| Untracked 
| 114|0x0000000707a00000, 0x0000000707a00000, 0x0000000707b00000|  0%| F|  |TAMS 0x0000000707a00000, 0x0000000707a00000| Untracked 
| 115|0x0000000707b00000, 0x0000000707b00000, 0x0000000707c00000|  0%| F|  |TAMS 0x0000000707b00000, 0x0000000707b00000| Untracked 
| 116|0x0000000707c00000, 0x0000000707c00000, 0x0000000707d00000|  0%| F|  |TAMS 0x0000000707c00000, 0x0000000707c00000| Untracked 
| 117|0x0000000707d00000, 0x0000000707d00000, 0x0000000707e00000|  0%| F|  |TAMS 0x0000000707d00000, 0x0000000707d00000| Untracked 
| 118|0x0000000707e00000, 0x0000000707e00000, 0x0000000707f00000|  0%| F|  |TAMS 0x0000000707e00000, 0x0000000707e00000| Untracked 
| 119|0x0000000707f00000, 0x0000000707f00000, 0x0000000708000000|  0%| F|  |TAMS 0x0000000707f00000, 0x0000000707f00000| Untracked 
| 120|0x0000000708000000, 0x0000000708000000, 0x0000000708100000|  0%| F|  |TAMS 0x0000000708000000, 0x0000000708000000| Untracked 
| 121|0x0000000708100000, 0x0000000708100000, 0x0000000708200000|  0%| F|  |TAMS 0x0000000708100000, 0x0000000708100000| Untracked 
| 122|0x0000000708200000, 0x0000000708200000, 0x0000000708300000|  0%| F|  |TAMS 0x0000000708200000, 0x0000000708200000| Untracked 
| 123|0x0000000708300000, 0x0000000708300000, 0x0000000708400000|  0%| F|  |TAMS 0x0000000708300000, 0x0000000708300000| Untracked 
| 124|0x0000000708400000, 0x0000000708400000, 0x0000000708500000|  0%| F|  |TAMS 0x0000000708400000, 0x0000000708400000| Untracked 
| 125|0x0000000708500000, 0x0000000708500000, 0x0000000708600000|  0%| F|  |TAMS 0x0000000708500000, 0x0000000708500000| Untracked 
| 126|0x0000000708600000, 0x0000000708600000, 0x0000000708700000|  0%| F|  |TAMS 0x0000000708600000, 0x0000000708600000| Untracked 
| 127|0x0000000708700000, 0x0000000708700000, 0x0000000708800000|  0%| F|  |TAMS 0x0000000708700000, 0x0000000708700000| Untracked 
| 128|0x0000000708800000, 0x0000000708800000, 0x0000000708900000|  0%| F|  |TAMS 0x0000000708800000, 0x0000000708800000| Untracked 
| 129|0x0000000708900000, 0x0000000708900000, 0x0000000708a00000|  0%| F|  |TAMS 0x0000000708900000, 0x0000000708900000| Untracked 
| 130|0x0000000708a00000, 0x0000000708a00000, 0x0000000708b00000|  0%| F|  |TAMS 0x0000000708a00000, 0x0000000708a00000| Untracked 
| 131|0x0000000708b00000, 0x0000000708b00000, 0x0000000708c00000|  0%| F|  |TAMS 0x0000000708b00000, 0x0000000708b00000| Untracked 
| 132|0x0000000708c00000, 0x0000000708c00000, 0x0000000708d00000|  0%| F|  |TAMS 0x0000000708c00000, 0x0000000708c00000| Untracked 
| 133|0x0000000708d00000, 0x0000000708d00000, 0x0000000708e00000|  0%| F|  |TAMS 0x0000000708d00000, 0x0000000708d00000| Untracked 
| 134|0x0000000708e00000, 0x0000000708e00000, 0x0000000708f00000|  0%| F|  |TAMS 0x0000000708e00000, 0x0000000708e00000| Untracked 
| 135|0x0000000708f00000, 0x0000000708f00000, 0x0000000709000000|  0%| F|  |TAMS 0x0000000708f00000, 0x0000000708f00000| Untracked 
| 136|0x0000000709000000, 0x0000000709000000, 0x0000000709100000|  0%| F|  |TAMS 0x0000000709000000, 0x0000000709000000| Untracked 
| 137|0x0000000709100000, 0x0000000709100000, 0x0000000709200000|  0%| F|  |TAMS 0x0000000709100000, 0x0000000709100000| Untracked 
| 138|0x0000000709200000, 0x0000000709200000, 0x0000000709300000|  0%| F|  |TAMS 0x0000000709200000, 0x0000000709200000| Untracked 
| 139|0x0000000709300000, 0x0000000709300000, 0x0000000709400000|  0%| F|  |TAMS 0x0000000709300000, 0x0000000709300000| Untracked 
| 140|0x0000000709400000, 0x0000000709400000, 0x0000000709500000|  0%| F|  |TAMS 0x0000000709400000, 0x0000000709400000| Untracked 
| 141|0x0000000709500000, 0x0000000709500000, 0x0000000709600000|  0%| F|  |TAMS 0x0000000709500000, 0x0000000709500000| Untracked 
| 142|0x0000000709600000, 0x0000000709600000, 0x0000000709700000|  0%| F|  |TAMS 0x0000000709600000, 0x0000000709600000| Untracked 
| 143|0x0000000709700000, 0x0000000709700000, 0x0000000709800000|  0%| F|  |TAMS 0x0000000709700000, 0x0000000709700000| Untracked 
| 144|0x0000000709800000, 0x0000000709800000, 0x0000000709900000|  0%| F|  |TAMS 0x0000000709800000, 0x0000000709800000| Untracked 
| 145|0x0000000709900000, 0x0000000709900000, 0x0000000709a00000|  0%| F|  |TAMS 0x0000000709900000, 0x0000000709900000| Untracked 
| 146|0x0000000709a00000, 0x0000000709a00000, 0x0000000709b00000|  0%| F|  |TAMS 0x0000000709a00000, 0x0000000709a00000| Untracked 
| 147|0x0000000709b00000, 0x0000000709b00000, 0x0000000709c00000|  0%| F|  |TAMS 0x0000000709b00000, 0x0000000709b00000| Untracked 
| 148|0x0000000709c00000, 0x0000000709c00000, 0x0000000709d00000|  0%| F|  |TAMS 0x0000000709c00000, 0x0000000709c00000| Untracked 
| 149|0x0000000709d00000, 0x0000000709d00000, 0x0000000709e00000|  0%| F|  |TAMS 0x0000000709d00000, 0x0000000709d00000| Untracked 
| 150|0x0000000709e00000, 0x0000000709e00000, 0x0000000709f00000|  0%| F|  |TAMS 0x0000000709e00000, 0x0000000709e00000| Untracked 
| 151|0x0000000709f00000, 0x0000000709f00000, 0x000000070a000000|  0%| F|  |TAMS 0x0000000709f00000, 0x0000000709f00000| Untracked 
| 152|0x000000070a000000, 0x000000070a000000, 0x000000070a100000|  0%| F|  |TAMS 0x000000070a000000, 0x000000070a000000| Untracked 
| 153|0x000000070a100000, 0x000000070a100000, 0x000000070a200000|  0%| F|  |TAMS 0x000000070a100000, 0x000000070a100000| Untracked 
| 154|0x000000070a200000, 0x000000070a200000, 0x000000070a300000|  0%| F|  |TAMS 0x000000070a200000, 0x000000070a200000| Untracked 
| 155|0x000000070a300000, 0x000000070a300000, 0x000000070a400000|  0%| F|  |TAMS 0x000000070a300000, 0x000000070a300000| Untracked 
| 156|0x000000070a400000, 0x000000070a400000, 0x000000070a500000|  0%| F|  |TAMS 0x000000070a400000, 0x000000070a400000| Untracked 
| 157|0x000000070a500000, 0x000000070a500000, 0x000000070a600000|  0%| F|  |TAMS 0x000000070a500000, 0x000000070a500000| Untracked 
| 158|0x000000070a600000, 0x000000070a600000, 0x000000070a700000|  0%| F|  |TAMS 0x000000070a600000, 0x000000070a600000| Untracked 
| 159|0x000000070a700000, 0x000000070a700000, 0x000000070a800000|  0%| F|  |TAMS 0x000000070a700000, 0x000000070a700000| Untracked 
| 160|0x000000070a800000, 0x000000070a800000, 0x000000070a900000|  0%| F|  |TAMS 0x000000070a800000, 0x000000070a800000| Untracked 
| 161|0x000000070a900000, 0x000000070a900000, 0x000000070aa00000|  0%| F|  |TAMS 0x000000070a900000, 0x000000070a900000| Untracked 
| 162|0x000000070aa00000, 0x000000070aa00000, 0x000000070ab00000|  0%| F|  |TAMS 0x000000070aa00000, 0x000000070aa00000| Untracked 
| 163|0x000000070ab00000, 0x000000070ab00000, 0x000000070ac00000|  0%| F|  |TAMS 0x000000070ab00000, 0x000000070ab00000| Untracked 
| 164|0x000000070ac00000, 0x000000070ac00000, 0x000000070ad00000|  0%| F|  |TAMS 0x000000070ac00000, 0x000000070ac00000| Untracked 
| 165|0x000000070ad00000, 0x000000070ad00000, 0x000000070ae00000|  0%| F|  |TAMS 0x000000070ad00000, 0x000000070ad00000| Untracked 
| 166|0x000000070ae00000, 0x000000070ae00000, 0x000000070af00000|  0%| F|  |TAMS 0x000000070ae00000, 0x000000070ae00000| Untracked 
| 167|0x000000070af00000, 0x000000070af00000, 0x000000070b000000|  0%| F|  |TAMS 0x000000070af00000, 0x000000070af00000| Untracked 
| 168|0x000000070b000000, 0x000000070b000000, 0x000000070b100000|  0%| F|  |TAMS 0x000000070b000000, 0x000000070b000000| Untracked 
| 169|0x000000070b100000, 0x000000070b100000, 0x000000070b200000|  0%| F|  |TAMS 0x000000070b100000, 0x000000070b100000| Untracked 
| 170|0x000000070b200000, 0x000000070b200000, 0x000000070b300000|  0%| F|  |TAMS 0x000000070b200000, 0x000000070b200000| Untracked 
| 171|0x000000070b300000, 0x000000070b300000, 0x000000070b400000|  0%| F|  |TAMS 0x000000070b300000, 0x000000070b300000| Untracked 
| 172|0x000000070b400000, 0x000000070b400000, 0x000000070b500000|  0%| F|  |TAMS 0x000000070b400000, 0x000000070b400000| Untracked 
| 173|0x000000070b500000, 0x000000070b500000, 0x000000070b600000|  0%| F|  |TAMS 0x000000070b500000, 0x000000070b500000| Untracked 
| 174|0x000000070b600000, 0x000000070b600000, 0x000000070b700000|  0%| F|  |TAMS 0x000000070b600000, 0x000000070b600000| Untracked 
| 175|0x000000070b700000, 0x000000070b700000, 0x000000070b800000|  0%| F|  |TAMS 0x000000070b700000, 0x000000070b700000| Untracked 
| 176|0x000000070b800000, 0x000000070b800000, 0x000000070b900000|  0%| F|  |TAMS 0x000000070b800000, 0x000000070b800000| Untracked 
| 177|0x000000070b900000, 0x000000070b900000, 0x000000070ba00000|  0%| F|  |TAMS 0x000000070b900000, 0x000000070b900000| Untracked 
| 178|0x000000070ba00000, 0x000000070ba00000, 0x000000070bb00000|  0%| F|  |TAMS 0x000000070ba00000, 0x000000070ba00000| Untracked 
| 179|0x000000070bb00000, 0x000000070bb00000, 0x000000070bc00000|  0%| F|  |TAMS 0x000000070bb00000, 0x000000070bb00000| Untracked 
| 180|0x000000070bc00000, 0x000000070bc00000, 0x000000070bd00000|  0%| F|  |TAMS 0x000000070bc00000, 0x000000070bc00000| Untracked 
| 181|0x000000070bd00000, 0x000000070bd00000, 0x000000070be00000|  0%| F|  |TAMS 0x000000070bd00000, 0x000000070bd00000| Untracked 
| 182|0x000000070be00000, 0x000000070be00000, 0x000000070bf00000|  0%| F|  |TAMS 0x000000070be00000, 0x000000070be00000| Untracked 
| 183|0x000000070bf00000, 0x000000070bf00000, 0x000000070c000000|  0%| F|  |TAMS 0x000000070bf00000, 0x000000070bf00000| Untracked 
| 184|0x000000070c000000, 0x000000070c000000, 0x000000070c100000|  0%| F|  |TAMS 0x000000070c000000, 0x000000070c000000| Untracked 
| 185|0x000000070c100000, 0x000000070c100000, 0x000000070c200000|  0%| F|  |TAMS 0x000000070c100000, 0x000000070c100000| Untracked 
| 186|0x000000070c200000, 0x000000070c200000, 0x000000070c300000|  0%| F|  |TAMS 0x000000070c200000, 0x000000070c200000| Untracked 
| 187|0x000000070c300000, 0x000000070c300000, 0x000000070c400000|  0%| F|  |TAMS 0x000000070c300000, 0x000000070c300000| Untracked 
| 188|0x000000070c400000, 0x000000070c400000, 0x000000070c500000|  0%| F|  |TAMS 0x000000070c400000, 0x000000070c400000| Untracked 
| 189|0x000000070c500000, 0x000000070c500000, 0x000000070c600000|  0%| F|  |TAMS 0x000000070c500000, 0x000000070c500000| Untracked 
| 190|0x000000070c600000, 0x000000070c600000, 0x000000070c700000|  0%| F|  |TAMS 0x000000070c600000, 0x000000070c600000| Untracked 
| 191|0x000000070c700000, 0x000000070c700000, 0x000000070c800000|  0%| F|  |TAMS 0x000000070c700000, 0x000000070c700000| Untracked 
| 192|0x000000070c800000, 0x000000070c800000, 0x000000070c900000|  0%| F|  |TAMS 0x000000070c800000, 0x000000070c800000| Untracked 
| 193|0x000000070c900000, 0x000000070c900000, 0x000000070ca00000|  0%| F|  |TAMS 0x000000070c900000, 0x000000070c900000| Untracked 
| 194|0x000000070ca00000, 0x000000070ca00000, 0x000000070cb00000|  0%| F|  |TAMS 0x000000070ca00000, 0x000000070ca00000| Untracked 
| 195|0x000000070cb00000, 0x000000070cb00000, 0x000000070cc00000|  0%| F|  |TAMS 0x000000070cb00000, 0x000000070cb00000| Untracked 
| 196|0x000000070cc00000, 0x000000070cc00000, 0x000000070cd00000|  0%| F|  |TAMS 0x000000070cc00000, 0x000000070cc00000| Untracked 
| 197|0x000000070cd00000, 0x000000070cd00000, 0x000000070ce00000|  0%| F|  |TAMS 0x000000070cd00000, 0x000000070cd00000| Untracked 
| 198|0x000000070ce00000, 0x000000070ce00000, 0x000000070cf00000|  0%| F|  |TAMS 0x000000070ce00000, 0x000000070ce00000| Untracked 
| 199|0x000000070cf00000, 0x000000070cf00000, 0x000000070d000000|  0%| F|  |TAMS 0x000000070cf00000, 0x000000070cf00000| Untracked 
| 200|0x000000070d000000, 0x000000070d000000, 0x000000070d100000|  0%| F|  |TAMS 0x000000070d000000, 0x000000070d000000| Untracked 
| 201|0x000000070d100000, 0x000000070d100000, 0x000000070d200000|  0%| F|  |TAMS 0x000000070d100000, 0x000000070d100000| Untracked 
| 202|0x000000070d200000, 0x000000070d200000, 0x000000070d300000|  0%| F|  |TAMS 0x000000070d200000, 0x000000070d200000| Untracked 
| 203|0x000000070d300000, 0x000000070d300000, 0x000000070d400000|  0%| F|  |TAMS 0x000000070d300000, 0x000000070d300000| Untracked 
| 204|0x000000070d400000, 0x000000070d400000, 0x000000070d500000|  0%| F|  |TAMS 0x000000070d400000, 0x000000070d400000| Untracked 
| 205|0x000000070d500000, 0x000000070d500000, 0x000000070d600000|  0%| F|  |TAMS 0x000000070d500000, 0x000000070d500000| Untracked 
| 206|0x000000070d600000, 0x000000070d600000, 0x000000070d700000|  0%| F|  |TAMS 0x000000070d600000, 0x000000070d600000| Untracked 
| 207|0x000000070d700000, 0x000000070d700000, 0x000000070d800000|  0%| F|  |TAMS 0x000000070d700000, 0x000000070d700000| Untracked 
| 208|0x000000070d800000, 0x000000070d800000, 0x000000070d900000|  0%| F|  |TAMS 0x000000070d800000, 0x000000070d800000| Untracked 
| 209|0x000000070d900000, 0x000000070d900000, 0x000000070da00000|  0%| F|  |TAMS 0x000000070d900000, 0x000000070d900000| Untracked 
| 210|0x000000070da00000, 0x000000070da00000, 0x000000070db00000|  0%| F|  |TAMS 0x000000070da00000, 0x000000070da00000| Untracked 
| 211|0x000000070db00000, 0x000000070db00000, 0x000000070dc00000|  0%| F|  |TAMS 0x000000070db00000, 0x000000070db00000| Untracked 
| 212|0x000000070dc00000, 0x000000070dc00000, 0x000000070dd00000|  0%| F|  |TAMS 0x000000070dc00000, 0x000000070dc00000| Untracked 
| 213|0x000000070dd00000, 0x000000070dd00000, 0x000000070de00000|  0%| F|  |TAMS 0x000000070dd00000, 0x000000070dd00000| Untracked 
| 214|0x000000070de00000, 0x000000070de00000, 0x000000070df00000|  0%| F|  |TAMS 0x000000070de00000, 0x000000070de00000| Untracked 
| 215|0x000000070df00000, 0x000000070df00000, 0x000000070e000000|  0%| F|  |TAMS 0x000000070df00000, 0x000000070df00000| Untracked 
| 216|0x000000070e000000, 0x000000070e000000, 0x000000070e100000|  0%| F|  |TAMS 0x000000070e000000, 0x000000070e000000| Untracked 
| 217|0x000000070e100000, 0x000000070e100000, 0x000000070e200000|  0%| F|  |TAMS 0x000000070e100000, 0x000000070e100000| Untracked 
| 218|0x000000070e200000, 0x000000070e200000, 0x000000070e300000|  0%| F|  |TAMS 0x000000070e200000, 0x000000070e200000| Untracked 
| 219|0x000000070e300000, 0x000000070e300000, 0x000000070e400000|  0%| F|  |TAMS 0x000000070e300000, 0x000000070e300000| Untracked 
| 220|0x000000070e400000, 0x000000070e400000, 0x000000070e500000|  0%| F|  |TAMS 0x000000070e400000, 0x000000070e400000| Untracked 
| 221|0x000000070e500000, 0x000000070e500000, 0x000000070e600000|  0%| F|  |TAMS 0x000000070e500000, 0x000000070e500000| Untracked 
| 222|0x000000070e600000, 0x000000070e600000, 0x000000070e700000|  0%| F|  |TAMS 0x000000070e600000, 0x000000070e600000| Untracked 
| 223|0x000000070e700000, 0x000000070e700000, 0x000000070e800000|  0%| F|  |TAMS 0x000000070e700000, 0x000000070e700000| Untracked 
| 224|0x000000070e800000, 0x000000070e800000, 0x000000070e900000|  0%| F|  |TAMS 0x000000070e800000, 0x000000070e800000| Untracked 
| 225|0x000000070e900000, 0x000000070e900000, 0x000000070ea00000|  0%| F|  |TAMS 0x000000070e900000, 0x000000070e900000| Untracked 
| 226|0x000000070ea00000, 0x000000070ea00000, 0x000000070eb00000|  0%| F|  |TAMS 0x000000070ea00000, 0x000000070ea00000| Untracked 
| 227|0x000000070eb00000, 0x000000070eb00000, 0x000000070ec00000|  0%| F|  |TAMS 0x000000070eb00000, 0x000000070eb00000| Untracked 
| 228|0x000000070ec00000, 0x000000070ec00000, 0x000000070ed00000|  0%| F|  |TAMS 0x000000070ec00000, 0x000000070ec00000| Untracked 
| 229|0x000000070ed00000, 0x000000070ed00000, 0x000000070ee00000|  0%| F|  |TAMS 0x000000070ed00000, 0x000000070ed00000| Untracked 
| 230|0x000000070ee00000, 0x000000070ee00000, 0x000000070ef00000|  0%| F|  |TAMS 0x000000070ee00000, 0x000000070ee00000| Untracked 
| 231|0x000000070ef00000, 0x000000070ef00000, 0x000000070f000000|  0%| F|  |TAMS 0x000000070ef00000, 0x000000070ef00000| Untracked 
| 232|0x000000070f000000, 0x000000070f000000, 0x000000070f100000|  0%| F|  |TAMS 0x000000070f000000, 0x000000070f000000| Untracked 
| 233|0x000000070f100000, 0x000000070f100000, 0x000000070f200000|  0%| F|  |TAMS 0x000000070f100000, 0x000000070f100000| Untracked 
| 234|0x000000070f200000, 0x000000070f200000, 0x000000070f300000|  0%| F|  |TAMS 0x000000070f200000, 0x000000070f200000| Untracked 
| 235|0x000000070f300000, 0x000000070f300000, 0x000000070f400000|  0%| F|  |TAMS 0x000000070f300000, 0x000000070f300000| Untracked 
| 236|0x000000070f400000, 0x000000070f400000, 0x000000070f500000|  0%| F|  |TAMS 0x000000070f400000, 0x000000070f400000| Untracked 
| 237|0x000000070f500000, 0x000000070f500000, 0x000000070f600000|  0%| F|  |TAMS 0x000000070f500000, 0x000000070f500000| Untracked 
| 238|0x000000070f600000, 0x000000070f600000, 0x000000070f700000|  0%| F|  |TAMS 0x000000070f600000, 0x000000070f600000| Untracked 
| 239|0x000000070f700000, 0x000000070f700000, 0x000000070f800000|  0%| F|  |TAMS 0x000000070f700000, 0x000000070f700000| Untracked 
| 240|0x000000070f800000, 0x000000070f800000, 0x000000070f900000|  0%| F|  |TAMS 0x000000070f800000, 0x000000070f800000| Untracked 
| 241|0x000000070f900000, 0x000000070f900000, 0x000000070fa00000|  0%| F|  |TAMS 0x000000070f900000, 0x000000070f900000| Untracked 
| 242|0x000000070fa00000, 0x000000070faf6450, 0x000000070fb00000| 96%| E|  |TAMS 0x000000070fa00000, 0x000000070fa00000| Complete 
| 243|0x000000070fb00000, 0x000000070fc00000, 0x000000070fc00000|100%| E|CS|TAMS 0x000000070fb00000, 0x000000070fb00000| Complete 
| 244|0x000000070fc00000, 0x000000070fd00000, 0x000000070fd00000|100%| E|CS|TAMS 0x000000070fc00000, 0x000000070fc00000| Complete 
| 245|0x000000070fd00000, 0x000000070fe00000, 0x000000070fe00000|100%| E|CS|TAMS 0x000000070fd00000, 0x000000070fd00000| Complete 
| 246|0x000000070fe00000, 0x000000070ff00000, 0x000000070ff00000|100%| E|CS|TAMS 0x000000070fe00000, 0x000000070fe00000| Complete 
| 247|0x000000070ff00000, 0x0000000710000000, 0x0000000710000000|100%| E|CS|TAMS 0x000000070ff00000, 0x000000070ff00000| Complete 
| 248|0x0000000710000000, 0x0000000710100000, 0x0000000710100000|100%| E|CS|TAMS 0x0000000710000000, 0x0000000710000000| Complete 
| 249|0x0000000710100000, 0x0000000710200000, 0x0000000710200000|100%| E|CS|TAMS 0x0000000710100000, 0x0000000710100000| Complete 
| 250|0x0000000710200000, 0x0000000710300000, 0x0000000710300000|100%| E|CS|TAMS 0x0000000710200000, 0x0000000710200000| Complete 
| 251|0x0000000710300000, 0x0000000710400000, 0x0000000710400000|100%| E|CS|TAMS 0x0000000710300000, 0x0000000710300000| Complete 
| 252|0x0000000710400000, 0x0000000710500000, 0x0000000710500000|100%| E|CS|TAMS 0x0000000710400000, 0x0000000710400000| Complete 
| 253|0x0000000710500000, 0x0000000710600000, 0x0000000710600000|100%| E|CS|TAMS 0x0000000710500000, 0x0000000710500000| Complete 
| 254|0x0000000710600000, 0x0000000710700000, 0x0000000710700000|100%| E|CS|TAMS 0x0000000710600000, 0x0000000710600000| Complete 
| 255|0x0000000710700000, 0x0000000710800000, 0x0000000710800000|100%| E|CS|TAMS 0x0000000710700000, 0x0000000710700000| Complete 

Card table byte_map: [0x000001e0cf7a0000,0x000001e0cffa0000] _byte_map_base: 0x000001e0cbf9c000

Marking Bits (Prev, Next): (CMBitMap*) 0x000001e0b59c2b18, (CMBitMap*) 0x000001e0b59c2b58
 Prev Bits: [0x000001e0d07a0000, 0x000001e0d4780000)
 Next Bits: [0x000001e0d4780000, 0x000001e0d8760000)

Polling page: 0x000001e0b5a30000

Metaspace:

Usage:
  Non-class:     11.93 MB capacity,    11.64 MB ( 98%) used,   260.80 KB (  2%) free+waste,    41.13 KB ( <1%) overhead. 
      Class:      1.74 MB capacity,     1.56 MB ( 89%) used,   166.76 KB (  9%) free+waste,    23.25 KB (  1%) overhead. 
       Both:     13.68 MB capacity,    13.20 MB ( 96%) used,   427.55 KB (  3%) free+waste,    64.38 KB ( <1%) overhead. 

Virtual space:
  Non-class space:       12.00 MB reserved,      12.00 MB (100%) committed 
      Class space:        1.00 GB reserved,       1.75 MB ( <1%) committed 
             Both:        1.01 GB reserved,      13.75 MB (  1%) committed 

Chunk freelists:
   Non-Class:  512 bytes
       Class:  768 bytes
        Both:  1.25 KB

CodeHeap 'non-profiled nmethods': size=120000Kb used=403Kb max_used=403Kb free=119596Kb
 bounds [0x000001e0c7000000, 0x000001e0c7270000, 0x000001e0ce530000]
CodeHeap 'profiled nmethods': size=120000Kb used=2192Kb max_used=2192Kb free=117808Kb
 bounds [0x000001e0bfad0000, 0x000001e0bfd40000, 0x000001e0c7000000]
CodeHeap 'non-nmethods': size=5760Kb used=1275Kb max_used=1288Kb free=4484Kb
 bounds [0x000001e0bf530000, 0x000001e0bf7a0000, 0x000001e0bfad0000]
 total_blobs=2115 nmethods=1278 adapters=575
 compilation: enabled
              stopped_count=0, restarted_count=0
 full_count=0

Compilation events (10 events):
Event: 1.822 Thread 0x000001e0dbb81000 1274       3       jdk.internal.util.ArraysSupport::mismatch (72 bytes)
Event: 1.823 Thread 0x000001e0dbb81000 nmethod 1274 0x000001e0bfcf2410 code [0x000001e0bfcf2600, 0x000001e0bfcf2a18]
Event: 2.115 Thread 0x000001e0dbb81000 1275       3       java.lang.ThreadLocal::getMap (5 bytes)
Event: 2.116 Thread 0x000001e0dbb81000 nmethod 1275 0x000001e0bfcf2c10 code [0x000001e0bfcf2dc0, 0x000001e0bfcf2f58]
Event: 2.123 Thread 0x000001e0dbb81000 1276       3       java.io.Bits::getInt (43 bytes)
Event: 2.123 Thread 0x000001e0dbb81000 nmethod 1276 0x000001e0bfcf3010 code [0x000001e0bfcf31e0, 0x000001e0bfcf33d8]
Event: 2.123 Thread 0x000001e0dbb81000 1278       3       java.io.ObjectInputStream$BlockDataInputStream::readInt (73 bytes)
Event: 2.124 Thread 0x000001e0dbb81000 nmethod 1278 0x000001e0bfcf3510 code [0x000001e0bfcf3700, 0x000001e0bfcf3a30]
Event: 2.124 Thread 0x000001e0dbb81000 1277       3       java.io.ObjectInputStream::readInt (8 bytes)
Event: 2.124 Thread 0x000001e0dbb81000 nmethod 1277 0x000001e0bfcf3b90 code [0x000001e0bfcf3d60, 0x000001e0bfcf3f30]

GC Heap History (0 events):
No events

Deoptimization events (10 events):
Event: 1.354 Thread 0x000001e0b595d800 Uncommon trap: reason=bimorphic_or_optimized_type_check action=maybe_recompile pc=0x000001e0c702680c method=java.util.HashMap.putVal(ILjava/lang/Object;Ljava/lang/Object;ZZ)Ljava/lang/Object; @ 56 c2
Event: 1.524 Thread 0x000001e0b595d800 Uncommon trap: reason=unstable_if action=reinterpret pc=0x000001e0c7030e24 method=java.util.HashMap.hash(Ljava/lang/Object;)I @ 1 c2
Event: 1.551 Thread 0x000001e0b595d800 Uncommon trap: reason=class_check action=maybe_recompile pc=0x000001e0c701f51c method=java.lang.String.equals(Ljava/lang/Object;)Z @ 8 c2
Event: 1.551 Thread 0x000001e0b595d800 Uncommon trap: reason=class_check action=maybe_recompile pc=0x000001e0c701f51c method=java.lang.String.equals(Ljava/lang/Object;)Z @ 8 c2
Event: 1.551 Thread 0x000001e0b595d800 Uncommon trap: reason=class_check action=maybe_recompile pc=0x000001e0c701f51c method=java.lang.String.equals(Ljava/lang/Object;)Z @ 8 c2
Event: 1.551 Thread 0x000001e0b595d800 Uncommon trap: reason=class_check action=maybe_recompile pc=0x000001e0c701f51c method=java.lang.String.equals(Ljava/lang/Object;)Z @ 8 c2
Event: 1.565 Thread 0x000001e0b595d800 Uncommon trap: reason=unstable_if action=reinterpret pc=0x000001e0c702051c method=java.lang.StringUTF16.compress([CI[BII)I @ 20 c2
Event: 1.614 Thread 0x000001e0dc8eb000 Uncommon trap: reason=bimorphic_or_optimized_type_check action=maybe_recompile pc=0x000001e0c702fe6c method=java.util.HashMap.putVal(ILjava/lang/Object;Ljava/lang/Object;ZZ)Ljava/lang/Object; @ 203 c2
Event: 1.614 Thread 0x000001e0dc8eb000 Uncommon trap: reason=bimorphic_or_optimized_type_check action=maybe_recompile pc=0x000001e0c702fe38 method=java.util.HashMap.putVal(ILjava/lang/Object;Ljava/lang/Object;ZZ)Ljava/lang/Object; @ 91 c2
Event: 1.614 Thread 0x000001e0dc8eb000 Uncommon trap: reason=bimorphic_or_optimized_type_check action=maybe_recompile pc=0x000001e0c702fe6c method=java.util.HashMap.putVal(ILjava/lang/Object;Ljava/lang/Object;ZZ)Ljava/lang/Object; @ 203 c2

Classes redefined (0 events):
No events

Internal exceptions (10 events):
Event: 1.521 Thread 0x000001e0b595d800 Exception <a 'java/lang/ClassNotFoundException'{0x000000070fedf250}: com/sun/swing/internal/plaf/metal/resources/spi/metalProvider> (0x000000070fedf250) thrown at [t:/workspace/open/src/hotspot/share/classfile/systemDictionary.cpp, line 235]
Event: 1.521 Thread 0x000001e0b595d800 Exception <a 'java/lang/ClassNotFoundException'{0x000000070fee3a70}: com/sun/swing/internal/plaf/basic/resources/spi/basicProvider> (0x000000070fee3a70) thrown at [t:/workspace/open/src/hotspot/share/classfile/systemDictionary.cpp, line 235]
Event: 1.524 Thread 0x000001e0b595d800 Implicit null exception at 0x000001e0c7030d88 to 0x000001e0c7030e1a
Event: 1.605 Thread 0x000001e0b595d800 Exception <a 'java/lang/NoSuchMethodError'{0x000000070fc76970}: java.lang.invoke.DirectMethodHandle$Holder.invokeStatic(Ljava/lang/Object;Ljava/lang/Object;Ljava/lang/Object;Ljava/lang/Object;Ljava/lang/Object;Ljava/lang/Object;Ljava/lang/Object;Ljava/lan
Event: 1.605 Thread 0x000001e0b595d800 Exception <a 'java/lang/NoSuchMethodError'{0x000000070fc82b40}: java.lang.invoke.DirectMethodHandle$Holder.invokeStatic(Ljava/lang/Object;Ljava/lang/Object;Ljava/lang/Object;Ljava/lang/Object;Ljava/lang/Object;Ljava/lang/Object;Ljava/lang/Object;Ljava/lan
Event: 1.606 Thread 0x000001e0b595d800 Exception <a 'java/lang/NoSuchMethodError'{0x000000070fc8ed10}: java.lang.invoke.DirectMethodHandle$Holder.invokeSpecial(Ljava/lang/Object;Ljava/lang/Object;JLjava/lang/Object;Ljava/lang/Object;Ljava/lang/Object;Ljava/lang/Object;)Ljava/lang/Object;> (0x0
Event: 1.606 Thread 0x000001e0b595d800 Exception <a 'java/lang/NoSuchMethodError'{0x000000070fc91ea0}: java.lang.invoke.DelegatingMethodHandle$Holder.reinvoke_L(Ljava/lang/Object;JLjava/lang/Object;Ljava/lang/Object;Ljava/lang/Object;Ljava/lang/Object;)Ljava/lang/Object;> (0x000000070fc91ea0) 
Event: 1.607 Thread 0x000001e0b595d800 Exception <a 'java/lang/NoSuchMethodError'{0x000000070fca23c0}: java.lang.invoke.DirectMethodHandle$Holder.invokeStatic(Ljava/lang/Object;Ljava/lang/Object;Ljava/lang/Object;Ljava/lang/Object;J)Ljava/lang/Object;> (0x000000070fca23c0) thrown at [t:/worksp
Event: 1.625 Thread 0x000001e0b595d800 Exception <a 'java/lang/NoSuchMethodError'{0x000000070fced1b8}: java.lang.invoke.DirectMethodHandle$Holder.invokeStaticInit(Ljava/lang/Object;)V> (0x000000070fced1b8) thrown at [t:/workspace/open/src/hotspot/share/interpreter/linkResolver.cpp, line 777]
Event: 1.629 Thread 0x000001e0b595d800 Exception <a 'java/lang/NoSuchMethodError'{0x000000070fb1c998}: java.lang.invoke.Invokers$Holder.linkToTargetMethod(Ljava/lang/Object;ILjava/lang/Object;)Ljava/lang/Object;> (0x000000070fb1c998) thrown at [t:/workspace/open/src/hotspot/share/interpreter/l

Events (10 events):
Event: 2.106 Executing VM operation: GetAllStackTraces
Event: 2.106 Executing VM operation: GetAllStackTraces done
Event: 2.107 loading class org/netbeans/lib/profiler/wireprotocol/EventBufferDumpedCommand
Event: 2.108 loading class org/netbeans/lib/profiler/wireprotocol/EventBufferDumpedCommand done
Event: 2.115 loading class org/netbeans/lib/profiler/wireprotocol/DumpResultsResponse
Event: 2.115 loading class org/netbeans/lib/profiler/wireprotocol/DumpResultsResponse done
Event: 2.118 Executing VM operation: GetAllStackTraces
Event: 2.118 Executing VM operation: GetAllStackTraces done
Event: 2.122 loading class org/netbeans/lib/profiler/wireprotocol/GetMethodNamesForJMethodIdsCommand
Event: 2.123 loading class org/netbeans/lib/profiler/wireprotocol/GetMethodNamesForJMethodIdsCommand done


Dynamic libraries:
0x00007ff6c1570000 - 0x00007ff6c157f000 	C:\Program Files\Java\jdk-12\bin\java.exe
0x00007fff633e0000 - 0x00007fff635cd000 	C:\WINDOWS\SYSTEM32\ntdll.dll
0x00007fff42490000 - 0x00007fff424a2000 	C:\Program Files\AVAST Software\Avast\aswhook.dll
0x00007fff631a0000 - 0x00007fff63253000 	C:\WINDOWS\System32\KERNEL32.DLL
0x00007fff5f750000 - 0x00007fff5f9e3000 	C:\WINDOWS\System32\KERNELBASE.dll
0x00007fff602f0000 - 0x00007fff603ea000 	C:\WINDOWS\System32\ucrtbase.dll
0x00007fff39520000 - 0x00007fff39538000 	C:\Program Files\Java\jdk-12\bin\jli.dll
0x00007fff63300000 - 0x00007fff633a3000 	C:\WINDOWS\System32\ADVAPI32.dll
0x00007fff610c0000 - 0x00007fff6115e000 	C:\WINDOWS\System32\msvcrt.dll
0x00007fff63080000 - 0x00007fff6311e000 	C:\WINDOWS\System32\sechost.dll
0x00007fff60e90000 - 0x00007fff60fb2000 	C:\WINDOWS\System32\RPCRT4.dll
0x00007fff60c40000 - 0x00007fff60dd7000 	C:\WINDOWS\System32\USER32.dll
0x00007fff60450000 - 0x00007fff60470000 	C:\WINDOWS\System32\win32u.dll
0x00007fff63260000 - 0x00007fff63289000 	C:\WINDOWS\System32\GDI32.dll
0x00007fff60470000 - 0x00007fff6060a000 	C:\WINDOWS\System32\gdi32full.dll
0x00007fff5f6b0000 - 0x00007fff5f750000 	C:\WINDOWS\System32\msvcp_win.dll
0x00007fff43110000 - 0x00007fff43126000 	C:\Program Files\Java\jdk-12\bin\VCRUNTIME140.dll
0x00007fff53eb0000 - 0x00007fff54129000 	C:\WINDOWS\WinSxS\amd64_microsoft.windows.common-controls_6595b64144ccf1df_6.0.17763.437_none_05b63dca071e5dd6\COMCTL32.dll
0x00007fff62be0000 - 0x00007fff62f0c000 	C:\WINDOWS\System32\combase.dll
0x00007fff60170000 - 0x00007fff601ee000 	C:\WINDOWS\System32\bcryptPrimitives.dll
0x00007fff59bb0000 - 0x00007fff59bba000 	C:\WINDOWS\SYSTEM32\VERSION.dll
0x00007fff60c10000 - 0x00007fff60c3e000 	C:\WINDOWS\System32\IMM32.DLL
0x00007fff29600000 - 0x00007fff296aa000 	C:\Program Files\Java\jdk-12\bin\msvcp140.dll
0x00007fff03910000 - 0x00007fff04484000 	C:\Program Files\Java\jdk-12\bin\server\jvm.dll
0x00007fff60610000 - 0x00007fff60618000 	C:\WINDOWS\System32\PSAPI.DLL
0x00007fff518a0000 - 0x00007fff518a9000 	C:\WINDOWS\SYSTEM32\WSOCK32.dll
0x00007fff63290000 - 0x00007fff632fd000 	C:\WINDOWS\System32\WS2_32.dll
0x00007fff5d690000 - 0x00007fff5d6b4000 	C:\WINDOWS\SYSTEM32\WINMM.dll
0x00007fff5d540000 - 0x00007fff5d56d000 	C:\WINDOWS\SYSTEM32\WINMMBASE.dll
0x00007fff601f0000 - 0x00007fff6023a000 	C:\WINDOWS\System32\cfgmgr32.dll
0x00007fff5f3e0000 - 0x00007fff5f3f1000 	C:\WINDOWS\System32\kernel.appcore.dll
0x00007fff30680000 - 0x00007fff30691000 	C:\Program Files\Java\jdk-12\bin\verify.dll
0x00007fff4fbe0000 - 0x00007fff4fdcd000 	C:\WINDOWS\SYSTEM32\DBGHELP.DLL
0x00007fff4fbb0000 - 0x00007fff4fbda000 	C:\WINDOWS\SYSTEM32\dbgcore.DLL
0x00007fff2fd40000 - 0x00007fff2fd66000 	C:\Program Files\Java\jdk-12\bin\java.dll
0x00007fff4f750000 - 0x00007fff4f75f000 	D:\Arquivos de programas\netbeans\profiler\lib\deployed\jdk16\windows-amd64\profilerinterface.dll
0x00007fff30520000 - 0x00007fff30537000 	C:\Program Files\Java\jdk-12\bin\zip.dll
0x00007fff43100000 - 0x00007fff4310a000 	C:\Program Files\Java\jdk-12\bin\jimage.dll
0x00007fff616f0000 - 0x00007fff62be0000 	C:\WINDOWS\System32\SHELL32.dll
0x00007fff62fd0000 - 0x00007fff63078000 	C:\WINDOWS\System32\shcore.dll
0x00007fff5f9f0000 - 0x00007fff6013a000 	C:\WINDOWS\System32\windows.storage.dll
0x00007fff5f460000 - 0x00007fff5f484000 	C:\WINDOWS\System32\profapi.dll
0x00007fff5f400000 - 0x00007fff5f45d000 	C:\WINDOWS\System32\powrprof.dll
0x00007fff61320000 - 0x00007fff61372000 	C:\WINDOWS\System32\shlwapi.dll
0x00007fff5f4b0000 - 0x00007fff5f4c7000 	C:\WINDOWS\System32\cryptsp.dll
0x00007fff2fff0000 - 0x00007fff30009000 	C:\Program Files\Java\jdk-12\bin\net.dll
0x00007fff5af10000 - 0x00007fff5b001000 	C:\WINDOWS\SYSTEM32\WINHTTP.dll
0x00007fff579d0000 - 0x00007fff57ba6000 	C:\WINDOWS\SYSTEM32\urlmon.dll
0x00007fff539c0000 - 0x00007fff53c68000 	C:\WINDOWS\SYSTEM32\iertutil.dll
0x00007fff5ee30000 - 0x00007fff5ee3c000 	C:\WINDOWS\SYSTEM32\CRYPTBASE.DLL
0x00007fff5ec60000 - 0x00007fff5ecc7000 	C:\WINDOWS\system32\mswsock.dll
0x00007fff2dfd0000 - 0x00007fff2dfe3000 	C:\Program Files\Java\jdk-12\bin\nio.dll
0x00007fff42fd0000 - 0x00007fff42fd9000 	C:\Program Files\Java\jdk-12\bin\management.dll
0x00007fff425c0000 - 0x00007fff425cc000 	C:\Program Files\Java\jdk-12\bin\management_ext.dll
0x00007fff5e820000 - 0x00007fff5e853000 	C:\WINDOWS\system32\rsaenh.dll
0x00007fff60140000 - 0x00007fff60166000 	C:\WINDOWS\System32\bcrypt.dll
0x00007fff5f2e0000 - 0x00007fff5f308000 	C:\WINDOWS\SYSTEM32\USERENV.dll
0x00007fff5e9c0000 - 0x00007fff5e9fd000 	C:\WINDOWS\SYSTEM32\IPHLPAPI.DLL
0x00007fff61310000 - 0x00007fff61318000 	C:\WINDOWS\System32\NSI.dll
0x00007fff59740000 - 0x00007fff59756000 	C:\WINDOWS\SYSTEM32\dhcpcsvc6.DLL
0x00007fff59720000 - 0x00007fff5973c000 	C:\WINDOWS\SYSTEM32\dhcpcsvc.DLL
0x00007fff5ea00000 - 0x00007fff5eac6000 	C:\WINDOWS\SYSTEM32\DNSAPI.dll
0x00007fff199a0000 - 0x00007fff19b3f000 	C:\Program Files\Java\jdk-12\bin\awt.dll
0x00007fff61620000 - 0x00007fff616e4000 	C:\WINDOWS\System32\OLEAUT32.dll
0x00007fff5c8c0000 - 0x00007fff5ce7e000 	C:\WINDOWS\SYSTEM32\d2d1.dll
0x00007fff5d790000 - 0x00007fff5d81c000 	C:\WINDOWS\SYSTEM32\apphelp.dll
0x00007fff5dd50000 - 0x00007fff5dd7e000 	C:\WINDOWS\system32\DWMAPI.DLL
0x00007fff5f4d0000 - 0x00007fff5f6ab000 	C:\WINDOWS\System32\CRYPT32.dll
0x00007fff5f490000 - 0x00007fff5f4a2000 	C:\WINDOWS\System32\MSASN1.dll
0x00007fff5da20000 - 0x00007fff5dabc000 	C:\WINDOWS\system32\uxtheme.dll
0x00007fff12880000 - 0x00007fff129a7000 	C:\WINDOWS\system32\opengl32.dll
0x00007fff2dfa0000 - 0x00007fff2dfcc000 	C:\WINDOWS\SYSTEM32\GLU32.dll
0x00007fff60aa0000 - 0x00007fff60c0a000 	C:\WINDOWS\System32\MSCTF.dll
0x00007fff614c0000 - 0x00007fff61615000 	C:\WINDOWS\System32\ole32.dll
0x00007fff54930000 - 0x00007fff54ace000 	C:\WINDOWS\system32\d3d9.dll
0x00007fff59230000 - 0x00007fff5931e000 	C:\WINDOWS\System32\DriverStore\FileRepository\nv_dispi.inf_amd64_37ec54c19854e219\nvldumdx.dll
0x00007fff603f0000 - 0x00007fff60449000 	C:\WINDOWS\System32\WINTRUST.DLL
0x00007fff61040000 - 0x00007fff6105d000 	C:\WINDOWS\System32\imagehlp.dll
0x00007fff04c10000 - 0x00007fff05fd0000 	C:\WINDOWS\System32\DriverStore\FileRepository\nv_dispi.inf_amd64_37ec54c19854e219\nvd3dumx.dll
0x00007fff57bd0000 - 0x00007fff57c94000 	C:\Program Files (x86)\NVIDIA Corporation\3D Vision\nvSCPAPI64.dll
0x00007fff60620000 - 0x00007fff60a96000 	C:\WINDOWS\System32\SETUPAPI.dll
0x00007fff28670000 - 0x00007fff2891e000 	C:\WINDOWS\system32\nvspcap64.dll
0x00007fff5e4a0000 - 0x00007fff5e4d1000 	C:\WINDOWS\SYSTEM32\ntmarta.dll
0x00007fff5e0e0000 - 0x00007fff5e102000 	C:\WINDOWS\SYSTEM32\gpapi.dll
0x00007fff59000000 - 0x00007fff5902f000 	C:\WINDOWS\SYSTEM32\cryptnet.dll
0x00007fff29210000 - 0x00007fff29290000 	C:\Program Files\Java\jdk-12\bin\freetype.dll
0x00007fff28a90000 - 0x00007fff28aff000 	C:\Program Files\Java\jdk-12\bin\fontmanager.dll
0x00007fff60de0000 - 0x00007fff60e82000 	C:\WINDOWS\System32\clbcatq.dll
0x00007fff59dc0000 - 0x00007fff59f78000 	C:\WINDOWS\SYSTEM32\WindowsCodecs.dll
0x00007fff421c0000 - 0x00007fff42216000 	C:\WINDOWS\system32\dataexchange.dll
0x00007fff5c640000 - 0x00007fff5c8be000 	C:\WINDOWS\system32\d3d11.dll
0x00007fff5ce80000 - 0x00007fff5d043000 	C:\WINDOWS\system32\dcomp.dll
0x00007fff5e160000 - 0x00007fff5e222000 	C:\WINDOWS\system32\dxgi.dll
0x00007fff5daf0000 - 0x00007fff5dcfd000 	C:\WINDOWS\system32\twinapi.appcore.dll
0x00007fff5dd00000 - 0x00007fff5dd28000 	C:\WINDOWS\system32\RMCLIENT.dll
0x00007fff415b0000 - 0x00007fff41645000 	C:\WINDOWS\System32\TextInputFramework.dll
0x00007fff5a8b0000 - 0x00007fff5abd2000 	C:\WINDOWS\System32\CoreUIComponents.dll
0x00007fff5d400000 - 0x00007fff5d4e2000 	C:\WINDOWS\System32\CoreMessaging.dll
0x00007fff5a390000 - 0x00007fff5a4e3000 	C:\WINDOWS\SYSTEM32\wintypes.dll

dbghelp: loaded successfully - version: 4.0.5 - missing functions: none
symbol engine: initialized successfully - sym options: 0x614 - pdb path: .;C:\Program Files\Java\jdk-12\bin;C:\WINDOWS\SYSTEM32;C:\Program Files\AVAST Software\Avast;C:\WINDOWS\WinSxS\amd64_microsoft.windows.common-controls_6595b64144ccf1df_6.0.17763.437_none_05b63dca071e5dd6;C:\Program Files\Java\jdk-12\bin\server;D:\Arquivos de programas\netbeans\profiler\lib\deployed\jdk16\windows-amd64;C:\WINDOWS\System32\DriverStore\FileRepository\nv_dispi.inf_amd64_37ec54c19854e219;C:\Program Files (x86)\NVIDIA Corporation\3D Vision

VM Arguments:
jvm_args: -Dfile.encoding=UTF-8 -agentpath:D:/Arquivos de programas/netbeans/profiler/lib/deployed/jdk16/windows-amd64/profilerinterface.dll=D:\Arquivos de programas\netbeans\profiler\lib,5140,10 -XX:+HeapDumpOnOutOfMemoryError -XX:HeapDumpPath=C:\Users\Hércules\Desktop\OpressorChat\servidor\nbproject\private\profiler 
java_command: controlador.Servidor
java_class_path (initial): C:\Users\Hércules\Desktop\OpressorChat\servidor\build\classes
Launcher Type: SUN_STANDARD

[Global flags]
     intx CICompilerCount                          = 4                                         {product} {ergonomic}
     uint ConcGCThreads                            = 2                                         {product} {ergonomic}
     uint G1ConcRefinementThreads                  = 8                                         {product} {ergonomic}
   size_t G1HeapRegionSize                         = 1048576                                   {product} {ergonomic}
    uintx GCDrainStackTargetSize                   = 64                                        {product} {ergonomic}
     bool HeapDumpOnOutOfMemoryError               = true                                   {manageable} {command line}
    ccstr HeapDumpPath                             = C:\Users\Hércules\Desktop\OpressorChat\servidor\nbproject\private\profiler         {manageable} {command line}
   size_t InitialHeapSize                          = 268435456                                 {product} {ergonomic}
   size_t MarkStackSize                            = 4194304                                   {product} {ergonomic}
   size_t MaxHeapSize                              = 4286578688                                {product} {ergonomic}
   size_t MaxNewSize                               = 2571108352                                {product} {ergonomic}
   size_t MinHeapDeltaBytes                        = 1048576                                   {product} {ergonomic}
    uintx NonNMethodCodeHeapSize                   = 5836300                                {pd product} {ergonomic}
    uintx NonProfiledCodeHeapSize                  = 122910970                              {pd product} {ergonomic}
    uintx ProfiledCodeHeapSize                     = 122910970                              {pd product} {ergonomic}
    uintx ReservedCodeCacheSize                    = 251658240                              {pd product} {ergonomic}
     bool SegmentedCodeCache                       = true                                      {product} {ergonomic}
     bool UseCompressedClassPointers               = true                                 {lp64_product} {ergonomic}
     bool UseCompressedOops                        = true                                 {lp64_product} {ergonomic}
     bool UseG1GC                                  = true                                      {product} {ergonomic}
     bool UseLargePagesIndividualAllocation        = false                                  {pd product} {ergonomic}

Logging:
Log output configuration:
 #0: stdout all=warning uptime,level,tags
 #1: stderr all=off uptime,level,tags

Environment Variables:
JAVA_HOME=C:\Program Files\Java\jdk-12
PATH=C:\Windows\system32;C:\Windows;C:\Windows\System32\Wbem;C:\Windows\System32\WindowsPowerShell\v1.0\;C:\Program Files (x86)\NVIDIA Corporation\PhysX\Common;C:\WINDOWS\system32;C:\WINDOWS;C:\WINDOWS\System32\Wbem;C:\WINDOWS\System32\WindowsPowerShell\v1.0\;C:\WINDOWS\System32\OpenSSH\;C:\Program Files\dotnet\;C:\Program Files\Microsoft SQL Server\130\Tools\Binn\;C:\Program Files\NVIDIA Corporation\NVIDIA NvDLISR;C:\Program Files\Java\jdk-12\bin;C:\WINDOWS\system32;C:\WINDOWS;C:\WINDOWS\System32\Wbem;C:\WINDOWS\System32\WindowsPowerShell\v1.0\;C:\WINDOWS\System32\OpenSSH\;C:\Program Files\Git\cmd;C:\Users\Hércules\AppData\Local\Microsoft\WindowsApps;C:\AppServ\Apache24\bin;C:\AppServ\php5;C:\AppServ\MySQL\bin;;C:\Users\Hércules\AppData\Local\Programs\Microsoft VS Code\bin
USERNAME=Hércules
OS=Windows_NT
PROCESSOR_IDENTIFIER=Intel64 Family 6 Model 158 Stepping 9, GenuineIntel



---------------  S Y S T E M  ---------------

OS: Windows 10 , 64 bit Build 17763 (10.0.17763.437)

CPU:total 8 (initial active 8) (4 cores per cpu, 2 threads per core) family 6 model 158 stepping 9, cmov, cx8, fxsr, mmx, sse, sse2, sse3, ssse3, sse4.1, sse4.2, popcnt, avx, avx2, aes, clmul, erms, rtm, 3dnowpref, lzcnt, ht, tsc, tscinvbit, bmi1, bmi2, adx, fma

Memory: 4k page, system-wide physical 16348M (9807M free)
TotalPageFile size 18780M (AvailPageFile size 8355M)
current process WorkingSet (physical memory assigned to process): 117M, peak: 117M
current process commit charge ("private bytes"): 413M, peak: 418M

vm_info: Java HotSpot(TM) 64-Bit Server VM (12+33) for windows-amd64 JRE (12+33), built on Feb 21 2019 02:31:50 by "mach5one" with MS VC++ 15.5 (VS2017)

END.
